2019-12-05 15:17:09,087 - alerts - INFO - Fall event: [(55258, 2, 4)]
2019-12-05 15:17:18,009 - alerts - INFO - Fall event: [(63991, 0, 8)]
2019-12-05 15:17:27,040 - alerts - INFO - Fall event: [(73689, 0, 8)]
2019-12-05 15:18:00,038 - alerts - INFO - Fall event: [(106124, 3, 12)]
2019-12-05 15:18:06,054 - alerts - INFO - Fall event: [(112120, 6, 11)]
2019-12-05 15:18:09,069 - alerts - INFO - Fall event: [(115194, 3, 8), (115194, 1, 11)]
2019-12-05 15:18:21,069 - alerts - INFO - Fall event: [(127313, 5, 9), (128129, 3, 9)]
2019-12-05 15:18:27,068 - alerts - INFO - Fall event: [(133065, 0, 8), (133888, 2, 8)]
2019-12-05 15:18:30,053 - alerts - INFO - Fall event: [(136540, 3, 8)]
2019-12-05 15:18:57,052 - alerts - INFO - Tap event: [(165172, 5, 4)]
2019-12-05 15:18:57,067 - alerts - INFO - Fall event: [(163585, 3, 4)]
2019-12-05 15:19:06,067 - alerts - INFO - Fall event: [(172470, 0, 3)]
2019-12-05 15:19:09,067 - alerts - INFO - Fall event: [(175626, 1, 2)]
2019-12-05 15:19:18,067 - alerts - INFO - Tap event: [(185423, 4, 1)]
2019-12-05 15:19:18,098 - alerts - INFO - Fall event: [(184190, 3, 1)]
2019-12-05 15:19:45,050 - alerts - INFO - Fall event: [(212203, 2, 9)]
2019-12-05 15:20:42,061 - alerts - INFO - Tap event: [(268864, 0, 8), (269399, 1, 8)]
2019-12-05 15:20:42,093 - alerts - INFO - Fall event: [(268340, 0, 8)]
2019-12-05 15:21:24,013 - alerts - INFO - Tap event: [(311234, 0, 7)]
2019-12-05 15:21:24,044 - alerts - INFO - Fall event: [(310659, 0, 7)]
2019-12-05 15:21:36,028 - alerts - INFO - Fall event: [(323629, 0, 7)]
2019-12-05 15:21:45,028 - alerts - INFO - Fall event: [(331142, 0, 8)]
2019-12-05 15:27:18,425 - alerts - INFO - Fall event: [(658048, 7, 1)]
2019-12-05 15:27:45,440 - alerts - INFO - Fall event: [(685477, 8, 2)]
2019-12-05 15:27:48,440 - alerts - INFO - Tap event: [(689568, 6, 2)]
2019-12-05 15:27:48,471 - alerts - INFO - Fall event: [(688922, 3, 2)]
2019-12-05 15:27:51,440 - alerts - INFO - Fall event: [(691077, 0, 2)]
2019-12-05 15:27:57,393 - alerts - INFO - Tap event: [(699169, 8, 5)]
2019-12-05 15:28:12,408 - alerts - INFO - Fall event: [(713293, 3, 2)]
2019-12-05 15:28:15,439 - alerts - INFO - Fall event: [(716398, 5, 5)]
2019-12-05 15:28:21,423 - alerts - INFO - Fall event: [(721200, 1, 5)]
2019-12-05 15:28:30,516 - alerts - INFO - Fall event: [(730150, 1, 5), (730150, 6, 5), (730150, 8, 5)]
2019-12-05 15:28:36,422 - alerts - INFO - Fall event: [(736019, 4, 5)]
2019-12-05 15:28:42,422 - alerts - INFO - Tap event: [(744411, 5, 3)]
2019-12-05 15:28:42,500 - alerts - INFO - Fall event: [(742073, 3, 4)]
2019-12-05 15:29:00,499 - alerts - INFO - Fall event: [(760518, 3, 9)]
2019-12-05 15:29:09,468 - alerts - INFO - Tap event: [(769804, 7, 5)]
2019-12-05 15:29:09,546 - alerts - INFO - Fall event: [(769495, 7, 5)]
2019-12-05 15:29:15,483 - alerts - INFO - Fall event: [(776764, 1, 12)]
2019-12-05 15:29:18,421 - alerts - INFO - Fall event: [(778335, 6, 9)]
2019-12-05 15:29:27,373 - alerts - INFO - Fall event: [(787105, 4, 7)]
2019-12-05 15:29:30,420 - alerts - INFO - Fall event: [(790092, 6, 6)]
2019-12-05 15:29:48,529 - alerts - INFO - Fall event: [(809283, 0, 10)]
2019-12-05 15:29:51,435 - alerts - INFO - Tap event: [(812578, 5, 9), (813631, 2, 12)]
2019-12-05 15:29:51,544 - alerts - INFO - Fall event: [(811075, 4, 9), (811075, 1, 12)]
2019-12-05 15:29:54,445 - alerts - INFO - Fall event: [(815180, 5, 9)]
2019-12-05 15:30:15,438 - alerts - INFO - Fall event: [(835421, 6, 5)]
2019-12-05 15:30:21,438 - alerts - INFO - Tap event: [(842150, 3, 5), (842150, 4, 5), (843213, 6, 5)]
2019-12-05 15:30:21,484 - alerts - INFO - Fall event: [(841203, 3, 5)]
2019-12-05 15:30:30,375 - alerts - INFO - Fall event: [(850098, 5, 5)]
2019-12-05 15:30:36,406 - alerts - INFO - Fall event: [(856303, 8, 5)]
2019-12-05 15:31:39,434 - alerts - INFO - Fall event: [(920363, 6, 5)]
2019-12-05 15:31:45,372 - alerts - INFO - Fall event: [(925207, 7, 5)]
2019-12-05 15:32:42,447 - alerts - INFO - Tap event: [(984238, 7, 5), (984669, 8, 5)]
2019-12-05 15:32:42,494 - alerts - INFO - Fall event: [(982480, 7, 5)]
2019-12-05 15:33:03,415 - alerts - INFO - Fall event: [(1003415, 3, 4), (1003665, 3, 9)]
2019-12-05 15:33:15,430 - alerts - INFO - Fall event: [(1015271, 5, 7)]
2019-12-05 15:34:21,412 - alerts - INFO - Fall event: [(1081087, 4, 1)]
2019-12-05 15:34:24,396 - alerts - INFO - Fall event: [(1084505, 3, 5)]
2019-12-05 15:34:27,380 - alerts - INFO - Tap event: [(1089366, 4, 5)]
2019-12-05 15:34:27,396 - alerts - INFO - Fall event: [(1087216, 3, 2)]
2019-12-05 15:35:06,365 - alerts - INFO - Tap event: [(1127638, 4, 2)]
2019-12-05 15:35:06,381 - alerts - INFO - Fall event: [(1126742, 3, 2)]
2019-12-05 15:35:51,469 - alerts - INFO - Fall event: [(1171185, 6, 5)]
2019-12-05 15:36:00,489 - alerts - INFO - Fall event: [(1181298, 3, 7)]
2019-12-05 15:36:24,374 - alerts - INFO - Fall event: [(1204443, 3, 8)]
2019-12-05 15:36:45,454 - alerts - INFO - Fall event: [(1225420, 6, 5), (1225420, 6, 9)]
2019-12-05 15:36:48,408 - alerts - INFO - Fall event: [(1228605, 3, 9)]
2019-12-05 15:38:03,518 - alerts - INFO - Fall event: [(1303251, 6, 8)]
2019-12-05 15:39:51,419 - alerts - INFO - Tap event: [(1412816, 4, 5)]
2019-12-05 15:39:51,464 - alerts - INFO - Fall event: [(1411331, 3, 5)]
2019-12-05 15:40:12,442 - alerts - INFO - Fall event: [(1433216, 4, 9)]
2019-12-05 15:40:15,393 - alerts - INFO - Tap event: [(1435961, 6, 8)]
2019-12-05 15:40:30,462 - alerts - INFO - Fall event: [(1451204, 3, 5)]
2019-12-05 15:41:18,566 - alerts - INFO - Fall event: [(1498969, 4, 2), (1498969, 2, 5), (1498969, 7, 5)]
2019-12-05 15:41:30,460 - alerts - INFO - Fall event: [(1510256, 7, 1), (1511258, 3, 1)]
2019-12-05 15:42:03,564 - alerts - INFO - Fall event: [(1543860, 2, 5)]
2019-12-05 15:42:06,448 - alerts - INFO - Tap event: [(1547330, 5, 5)]
2019-12-05 15:42:06,613 - alerts - INFO - Fall event: [(1546251, 5, 5)]
2019-12-05 15:42:09,417 - alerts - INFO - Fall event: [(1549026, 2, 5)]
2019-12-05 15:42:12,432 - alerts - INFO - Tap event: [(1553820, 3, 9)]
2019-12-05 15:42:12,583 - alerts - INFO - Fall event: [(1552148, 3, 5), (1552518, 3, 9)]
2019-12-05 15:43:12,451 - alerts - INFO - Fall event: [(1612215, 4, 5)]
2019-12-05 15:43:18,504 - alerts - INFO - Fall event: [(1618724, 6, 7)]
2019-12-05 15:43:27,399 - alerts - INFO - Tap event: [(1629024, 3, 5), (1629811, 4, 5)]
2019-12-05 15:43:27,417 - alerts - INFO - Fall event: [(1628431, 3, 5)]
2019-12-05 15:43:30,452 - alerts - INFO - Fall event: [(1630746, 3, 5)]
2019-12-05 15:43:42,492 - alerts - INFO - Fall event: [(1642798, 3, 8), (1642798, 6, 8)]
2019-12-05 15:43:48,488 - alerts - INFO - Fall event: [(1648788, 6, 9)]
2019-12-05 15:44:06,585 - alerts - INFO - Fall event: [(1666441, 2, 9)]
2019-12-05 15:44:09,387 - alerts - INFO - Tap event: [(1670343, 5, 5)]
2019-12-05 15:44:09,504 - alerts - INFO - Fall event: [(1669126, 4, 5)]
2019-12-05 15:44:48,661 - alerts - INFO - Fall event: [(1707959, 2, 3), (1707959, 3, 9), (1708487, 2, 2)]
2019-12-05 15:44:51,533 - alerts - INFO - Fall event: [(1711097, 3, 5)]
2019-12-05 15:44:57,646 - alerts - INFO - Fall event: [(1717152, 1, 4), (1717152, 3, 5)]
2019-12-05 15:45:03,571 - alerts - INFO - Fall event: [(1723396, 2, 5)]
2019-12-05 15:45:15,419 - alerts - INFO - Tap event: [(1735815, 3, 5)]
2019-12-05 15:45:15,506 - alerts - INFO - Fall event: [(1734998, 3, 5), (1735815, 7, 5)]
2019-12-05 15:46:48,390 - alerts - INFO - Tap event: [(1830787, 5, 5)]
2019-12-05 15:47:09,463 - alerts - INFO - Fall event: [(1850896, 4, 5)]
2019-12-05 15:47:15,409 - alerts - INFO - Fall event: [(1855006, 5, 5)]
2019-12-05 15:47:18,355 - alerts - INFO - Tap event: [(1858372, 5, 5)]
2019-12-05 15:47:18,371 - alerts - INFO - Fall event: [(1858111, 5, 5)]
2019-12-05 15:47:24,488 - alerts - INFO - Fall event: [(1865614, 2, 3)]
2019-12-05 15:47:51,419 - alerts - INFO - Fall event: [(1892032, 5, 5)]
2019-12-05 15:48:00,542 - alerts - INFO - Tap event: [(1902546, 4, 5)]
2019-12-05 15:48:00,586 - alerts - INFO - Fall event: [(1901732, 3, 5)]
2019-12-05 15:48:03,459 - alerts - INFO - Tap event: [(1905630, 5, 5)]
2019-12-05 15:48:03,489 - alerts - INFO - Fall event: [(1904757, 3, 5)]
2019-12-05 15:48:24,406 - alerts - INFO - Fall event: [(1924080, 3, 5)]
2019-12-05 15:48:27,382 - alerts - INFO - Tap event: [(1928322, 5, 5)]
2019-12-05 15:48:27,404 - alerts - INFO - Fall event: [(1927501, 5, 5)]
2019-12-05 15:48:36,387 - alerts - INFO - Tap event: [(1937071, 5, 5)]
2019-12-05 15:48:36,436 - alerts - INFO - Fall event: [(1936334, 5, 5), (1936334, 8, 5)]
2019-12-05 15:48:45,388 - alerts - INFO - Tap event: [(1945886, 5, 5)]
2019-12-05 15:48:45,412 - alerts - INFO - Fall event: [(1945487, 3, 5)]
2019-12-05 15:48:57,424 - alerts - INFO - Fall event: [(1958792, 5, 5)]
2019-12-05 15:49:42,422 - alerts - INFO - Fall event: [(2002172, 5, 5)]
2019-12-05 15:50:12,541 - alerts - INFO - Fall event: [(2032578, 2, 5)]
2019-12-05 15:50:15,441 - alerts - INFO - Fall event: [(2035212, 3, 2)]
2019-12-05 16:37:30,427 - alerts - INFO - Fall event: [(4870026, 3, 5)]
2019-12-05 16:38:27,471 - alerts - INFO - Fall event: [(4927022, 5, 9)]
2019-12-11 15:10:26,428 - alerts - INFO - Fall event: [(518039165, 3, 8)]
2019-12-11 15:10:29,394 - alerts - INFO - Fall event: [(518041952, 3, 6)]
2019-12-11 15:10:32,364 - alerts - INFO - Tap event: [(518045665, 5, 9)]
2019-12-11 15:10:32,402 - alerts - INFO - Fall event: [(518045191, 5, 9)]
2019-12-11 15:10:50,339 - alerts - INFO - Fall event: [(518062180, 7, 5)]
2019-12-11 16:12:41,776 - alerts - INFO - Tap event: [(521767860, 5, 8)]
2019-12-11 16:12:41,825 - alerts - INFO - Fall event: [(521767048, 3, 8)]
2019-12-11 16:13:32,982 - alerts - INFO - Fall event: [(521818139, 3, 7), (521818139, 5, 8)]
2019-12-11 16:13:47,936 - alerts - INFO - Fall event: [(521833779, 3, 5)]
2019-12-11 16:13:50,891 - alerts - INFO - Fall event: [(521836327, 3, 8), (521836327, 5, 11)]
2019-12-11 16:13:53,762 - alerts - INFO - Tap event: [(521840301, 3, 9)]
2019-12-11 16:13:53,841 - alerts - INFO - Fall event: [(521839176, 3, 9)]
2019-12-11 16:14:05,834 - alerts - INFO - Fall event: [(521851100, 7, 5)]
2019-12-11 16:14:11,845 - alerts - INFO - Fall event: [(521857854, 3, 13)]
2019-12-11 16:14:14,763 - alerts - INFO - Fall event: [(521860332, 3, 12)]
2019-12-11 16:14:26,757 - alerts - INFO - Fall event: [(521872365, 1, 9)]
2019-12-11 16:15:05,926 - alerts - INFO - Fall event: [(521911145, 2, 12)]
2019-12-11 16:15:14,765 - alerts - INFO - Fall event: [(521920359, 3, 13)]
2019-12-11 16:16:05,872 - alerts - INFO - Fall event: [(521971959, 3, 8)]
2019-12-11 16:16:08,924 - alerts - INFO - Fall event: [(521974348, 6, 9)]
2019-12-11 16:16:17,901 - alerts - INFO - Fall event: [(521983776, 6, 5)]
2019-12-11 16:16:44,848 - alerts - INFO - Tap event: [(522012657, 9, 5)]
2019-12-11 16:16:44,879 - alerts - INFO - Fall event: [(522010909, 6, 5)]
2019-12-11 16:17:02,846 - alerts - INFO - Fall event: [(522029028, 3, 5)]
2019-12-11 16:17:26,780 - alerts - INFO - Fall event: [(522052159, 3, 8)]
2019-12-11 16:17:32,912 - alerts - INFO - Fall event: [(522059719, 0, 9)]
2019-12-11 16:17:38,741 - alerts - INFO - Tap event: [(522064754, 1, 13)]
2019-12-11 16:17:53,823 - alerts - INFO - Fall event: [(522079791, 3, 9)]
2019-12-11 16:19:56,797 - alerts - INFO - Tap event: [(522204414, 9, 9)]
2019-12-11 16:20:05,893 - alerts - INFO - Fall event: [(522211151, 3, 8)]
2019-12-11 16:35:26,835 - alerts - INFO - Fall event: [(523133157, 3, 9)]
2019-12-12 09:39:41,789 - alerts - INFO - Fall event: [(584587164, 2, 8)]
2019-12-12 09:39:50,740 - alerts - INFO - Tap event: [(584598289, 1, 8)]
2019-12-12 09:39:50,783 - alerts - INFO - Fall event: [(584596361, 1, 8)]
2019-12-12 09:39:53,871 - alerts - INFO - Fall event: [(584600089, 0, 9), (584600089, 1, 12)]
2019-12-12 14:28:53,737 - alerts - INFO - Tap event: [(601941574, 5, 12)]
2019-12-12 14:29:05,695 - alerts - INFO - Fall event: [(601951618, 7, 9)]
2019-12-12 14:30:05,761 - alerts - INFO - Fall event: [(602011046, 3, 9)]
2019-12-12 14:31:05,709 - alerts - INFO - Fall event: [(602072063, 7, 12)]
2019-12-12 14:31:23,725 - alerts - INFO - Fall event: [(602090616, 7, 9)]
2019-12-12 14:31:29,821 - alerts - INFO - Fall event: [(602095572, 2, 5)]
2019-12-12 14:31:32,767 - alerts - INFO - Fall event: [(602098827, 1, 5)]
2019-12-12 14:31:35,792 - alerts - INFO - Fall event: [(602101098, 2, 5)]
2019-12-12 14:31:38,787 - alerts - INFO - Fall event: [(602105315, 3, 2)]
2019-12-12 14:31:41,890 - alerts - INFO - Fall event: [(602107769, 4, 9), (602107769, 7, 9)]
2019-12-12 14:31:47,773 - alerts - INFO - Fall event: [(602114116, 2, 3), (602114116, 3, 9)]
2019-12-12 14:31:53,791 - alerts - INFO - Fall event: [(602120081, 3, 1)]
2019-12-12 14:31:56,973 - alerts - INFO - Fall event: [(602122417, 3, 9)]
2019-12-12 14:32:32,756 - alerts - INFO - Fall event: [(602158764, 3, 2)]
2019-12-12 14:32:35,785 - alerts - INFO - Fall event: [(602162417, 3, 5)]
2019-12-12 14:32:38,709 - alerts - INFO - Tap event: [(602164902, 3, 4), (602164902, 4, 4)]
2019-12-12 14:32:38,726 - alerts - INFO - Fall event: [(602164372, 3, 4)]
2019-12-12 14:32:50,790 - alerts - INFO - Fall event: [(602178294, 3, 4)]
2019-12-12 14:32:59,678 - alerts - INFO - Fall event: [(602185205, 3, 4)]
2019-12-12 14:33:14,801 - alerts - INFO - Fall event: [(602202354, 3, 5)]
2019-12-12 14:33:17,824 - alerts - INFO - Fall event: [(602203305, 3, 5), (602203305, 3, 9)]
2019-12-12 14:33:26,759 - alerts - INFO - Fall event: [(602212621, 3, 9), (602212752, 3, 7)]
2019-12-12 14:33:29,802 - alerts - INFO - Tap event: [(602217760, 5, 9)]
2019-12-12 14:33:29,899 - alerts - INFO - Fall event: [(602215454, 4, 9), (602215765, 8, 8)]
2019-12-12 14:33:32,986 - alerts - INFO - Fall event: [(602218678, 3, 11)]
2019-12-12 14:33:35,924 - alerts - INFO - Fall event: [(602221301, 3, 4), (602221536, 3, 5)]
2019-12-12 14:33:41,946 - alerts - INFO - Fall event: [(602227261, 7, 8)]
2019-12-13 10:17:20,517 - alerts - INFO - Tap event: [(673238667, 3, 9)]
2019-12-13 10:17:20,568 - alerts - INFO - Fall event: [(673237647, 3, 9)]
2019-12-13 10:17:23,551 - alerts - INFO - Tap event: [(673242425, 3, 9)]
2019-12-13 10:17:23,598 - alerts - INFO - Fall event: [(673240553, 2, 9)]
2019-12-13 10:17:29,501 - alerts - INFO - Fall event: [(673246548, 2, 9)]
2019-12-13 10:17:32,662 - alerts - INFO - Fall event: [(673249635, 7, 9)]
2019-12-13 10:17:44,613 - alerts - INFO - Fall event: [(673261384, 2, 9), (673261384, 6, 12)]
2019-12-13 10:17:53,515 - alerts - INFO - Fall event: [(673270289, 3, 8)]
2019-12-13 10:18:20,567 - alerts - INFO - Fall event: [(673297617, 7, 12)]
2019-12-13 10:18:23,496 - alerts - INFO - Tap event: [(673300974, 8, 13)]
2019-12-13 10:18:23,540 - alerts - INFO - Fall event: [(673300117, 8, 12)]
2019-12-13 10:18:26,502 - alerts - INFO - Tap event: [(673305025, 8, 13)]
2019-12-13 10:18:41,484 - alerts - INFO - Fall event: [(673317964, 8, 12)]
2019-12-13 10:19:08,632 - alerts - INFO - Fall event: [(673345404, 8, 13)]
2019-12-13 10:19:20,686 - alerts - INFO - Fall event: [(673356993, 3, 8)]
2019-12-13 10:19:29,509 - alerts - INFO - Tap event: [(673367911, 6, 10), (673367911, 7, 10)]
2019-12-13 10:19:29,584 - alerts - INFO - Fall event: [(673366849, 2, 10)]
2019-12-13 10:19:38,505 - alerts - INFO - Fall event: [(673375386, 6, 9)]
2019-12-13 10:19:41,604 - alerts - INFO - Fall event: [(673378819, 3, 7)]
2019-12-13 10:19:44,669 - alerts - INFO - Fall event: [(673382213, 6, 12)]
2019-12-13 10:19:56,684 - alerts - INFO - Fall event: [(673393708, 5, 8)]
2019-12-13 10:19:59,584 - alerts - INFO - Tap event: [(673398965, 3, 9), (673398965, 4, 9)]
2019-12-13 10:19:59,652 - alerts - INFO - Fall event: [(673396624, 3, 9)]
2019-12-13 10:20:08,520 - alerts - INFO - Fall event: [(673405116, 7, 8)]
2019-12-13 10:20:20,534 - alerts - INFO - Fall event: [(673417980, 3, 13)]
2019-12-13 10:20:23,470 - alerts - INFO - Fall event: [(673420058, 3, 13)]
2019-12-13 10:20:26,508 - alerts - INFO - Fall event: [(673424725, 3, 8)]
2019-12-13 10:21:17,630 - alerts - INFO - Fall event: [(673474956, 5, 9)]
2019-12-13 10:21:20,515 - alerts - INFO - Fall event: [(673477487, 3, 12)]
2019-12-13 10:21:29,569 - alerts - INFO - Fall event: [(673486249, 3, 8)]
2019-12-13 10:21:38,535 - alerts - INFO - Fall event: [(673495840, 3, 11)]
2019-12-13 10:21:56,515 - alerts - INFO - Fall event: [(673513122, 7, 5)]
2019-12-13 10:22:20,517 - alerts - INFO - Fall event: [(673538267, 6, 12)]
2019-12-13 10:22:38,546 - alerts - INFO - Fall event: [(673555020, 5, 9)]
2019-12-13 10:22:50,683 - alerts - INFO - Fall event: [(673567322, 2, 12), (673567942, 6, 12)]
2019-12-13 10:22:53,573 - alerts - INFO - Tap event: [(673572928, 8, 5)]
2019-12-13 10:22:53,648 - alerts - INFO - Fall event: [(673570978, 8, 5)]
2019-12-13 10:23:26,556 - alerts - INFO - Fall event: [(673604792, 3, 9)]
2019-12-13 10:23:32,488 - alerts - INFO - Fall event: [(673609078, 7, 9)]
2019-12-13 10:24:20,516 - alerts - INFO - Fall event: [(673657198, 7, 9)]
2019-12-13 10:24:53,566 - alerts - INFO - Fall event: [(673690092, 5, 8)]
2019-12-13 10:25:20,498 - alerts - INFO - Fall event: [(673717197, 3, 9)]
2019-12-13 10:25:38,586 - alerts - INFO - Tap event: [(673736700, 6, 13), (673737099, 7, 13), (673737424, 6, 13), (673737544, 7, 13), (673737544, 8, 13)]
2019-12-13 10:25:38,770 - alerts - INFO - Fall event: [(673735465, 5, 13)]
2019-12-13 10:25:41,511 - alerts - INFO - Tap event: [(673739224, 8, 13), (673740548, 9, 12)]
2019-12-13 10:25:41,562 - alerts - INFO - Fall event: [(673738114, 9, 12)]
2019-12-13 10:25:44,512 - alerts - INFO - Tap event: [(673741977, 9, 13), (673742975, 9, 13), (673743677, 9, 13)]
2019-12-13 10:25:47,633 - alerts - INFO - Fall event: [(673744560, 2, 13)]
2019-12-13 10:26:02,478 - alerts - INFO - Tap event: [(673760501, 3, 5), (673760501, 4, 5)]
2019-12-13 10:26:02,501 - alerts - INFO - Fall event: [(673759121, 3, 5)]
2019-12-13 10:26:23,528 - alerts - INFO - Tap event: [(673782564, 9, 13)]
2019-12-13 10:26:47,492 - alerts - INFO - Fall event: [(673804152, 5, 8)]
2019-12-13 10:26:53,499 - alerts - INFO - Fall event: [(673810591, 3, 8)]
2019-12-13 10:27:35,493 - alerts - INFO - Fall event: [(673852416, 3, 8)]
2019-12-13 10:27:50,558 - alerts - INFO - Fall event: [(673868045, 5, 8)]
2019-12-13 10:27:59,501 - alerts - INFO - Fall event: [(673876670, 3, 8)]
2019-12-13 10:28:02,501 - alerts - INFO - Fall event: [(673879241, 3, 9)]
2019-12-13 10:28:14,486 - alerts - INFO - Fall event: [(673891030, 6, 9)]
2019-12-13 10:28:23,525 - alerts - INFO - Fall event: [(673900281, 3, 9)]
2019-12-13 10:28:32,486 - alerts - INFO - Fall event: [(673909206, 6, 9)]
2019-12-13 10:28:44,535 - alerts - INFO - Fall event: [(673922483, 3, 9)]
2019-12-13 10:28:47,517 - alerts - INFO - Fall event: [(673924599, 3, 8)]
2019-12-13 10:29:05,532 - alerts - INFO - Fall event: [(673942416, 2, 9)]
2019-12-13 10:29:32,539 - alerts - INFO - Fall event: [(673969618, 2, 9)]
2019-12-13 10:30:29,518 - alerts - INFO - Fall event: [(674027836, 3, 9)]
2019-12-13 10:33:32,560 - alerts - INFO - Fall event: [(674210145, 3, 12)]
2019-12-13 10:33:35,615 - alerts - INFO - Tap event: [(674214079, 3, 9), (674214640, 7, 9)]
2019-12-13 10:33:35,735 - alerts - INFO - Fall event: [(674212379, 3, 9), (674212870, 6, 9)]
2019-12-13 10:33:38,470 - alerts - INFO - Tap event: [(674215569, 8, 5)]
2019-12-13 10:33:38,501 - alerts - INFO - Fall event: [(674215139, 8, 5)]
2019-12-13 10:33:56,514 - alerts - INFO - Tap event: [(674235479, 7, 9)]
2019-12-13 10:34:08,553 - alerts - INFO - Fall event: [(674245864, 6, 12)]
2019-12-13 10:34:17,514 - alerts - INFO - Tap event: [(674256040, 5, 8)]
2019-12-13 10:34:17,656 - alerts - INFO - Fall event: [(674254183, 3, 8)]
2019-12-13 10:34:20,511 - alerts - INFO - Tap event: [(674259182, 7, 9)]
2019-12-13 10:34:20,532 - alerts - INFO - Fall event: [(674258088, 6, 9)]
2019-12-13 10:34:23,470 - alerts - INFO - Fall event: [(674260268, 3, 9)]
2019-12-13 10:34:26,604 - alerts - INFO - Fall event: [(674265248, 2, 8)]
2019-12-13 10:34:29,512 - alerts - INFO - Tap event: [(674267270, 5, 12)]
2019-12-13 10:34:29,573 - alerts - INFO - Fall event: [(674266121, 5, 12)]
2019-12-13 10:34:35,565 - alerts - INFO - Tap event: [(674274139, 7, 8)]
2019-12-13 10:34:38,635 - alerts - INFO - Fall event: [(674275734, 5, 12)]
2019-12-13 10:34:47,561 - alerts - INFO - Fall event: [(674284245, 3, 12)]
2019-12-13 10:34:53,552 - alerts - INFO - Tap event: [(674292570, 6, 11), (674292775, 7, 11)]
2019-12-13 10:34:53,568 - alerts - INFO - Fall event: [(674290753, 6, 11)]
2019-12-13 10:35:08,517 - alerts - INFO - Fall event: [(674305829, 3, 12)]
2019-12-13 10:35:17,517 - alerts - INFO - Fall event: [(674316169, 3, 9)]
2019-12-13 10:35:20,467 - alerts - INFO - Fall event: [(674317451, 3, 9)]
2019-12-13 10:35:23,543 - alerts - INFO - Fall event: [(674320725, 4, 8)]
2019-12-13 10:35:44,551 - alerts - INFO - Fall event: [(674341236, 3, 9), (674342229, 1, 12)]
2019-12-13 10:36:11,509 - alerts - INFO - Fall event: [(674369385, 3, 7)]
2019-12-13 10:36:59,562 - alerts - INFO - Fall event: [(674416645, 2, 9)]
2019-12-13 10:37:53,579 - alerts - INFO - Tap event: [(674472726, 7, 12)]
2019-12-13 10:38:14,659 - alerts - INFO - Fall event: [(674492219, 3, 8)]
2019-12-13 10:38:17,483 - alerts - INFO - Fall event: [(674494312, 3, 5)]
2019-12-13 10:38:26,493 - alerts - INFO - Fall event: [(674503753, 4, 9)]
2019-12-13 10:38:44,503 - alerts - INFO - Fall event: [(674521861, 7, 8)]
2019-12-13 10:39:08,546 - alerts - INFO - Fall event: [(674546074, 3, 13)]
2019-12-13 10:39:23,511 - alerts - INFO - Fall event: [(674560913, 5, 5)]
2019-12-13 10:39:32,546 - alerts - INFO - Fall event: [(674570272, 3, 8)]
2019-12-13 10:39:41,486 - alerts - INFO - Fall event: [(674578188, 5, 9)]
2019-12-13 10:39:56,502 - alerts - INFO - Tap event: [(674595240, 6, 8)]
2019-12-13 10:40:47,482 - alerts - INFO - Tap event: [(674646253, 6, 9)]
2019-12-13 10:40:50,530 - alerts - INFO - Fall event: [(674647082, 5, 5)]
2019-12-13 10:40:59,524 - alerts - INFO - Tap event: [(674658307, 6, 8)]
2019-12-13 10:41:38,554 - alerts - INFO - Fall event: [(674695397, 2, 9)]
2019-12-13 10:41:41,627 - alerts - INFO - Fall event: [(674698751, 2, 5), (674698751, 3, 9)]
2019-12-13 10:42:26,519 - alerts - INFO - Fall event: [(674743478, 3, 11)]
2019-12-13 10:42:50,513 - alerts - INFO - Fall event: [(674768416, 3, 7)]
2019-12-13 10:43:08,497 - alerts - INFO - Fall event: [(674785034, 3, 8)]
2019-12-13 10:43:14,602 - alerts - INFO - Fall event: [(674792160, 7, 12)]
2019-12-13 10:43:17,483 - alerts - INFO - Fall event: [(674794126, 3, 7)]
2019-12-13 10:43:35,535 - alerts - INFO - Fall event: [(674812711, 6, 12)]
2019-12-13 10:43:44,464 - alerts - INFO - Tap event: [(674821538, 5, 7)]
2019-12-13 10:43:50,652 - alerts - INFO - Fall event: [(674827205, 3, 12), (674827856, 1, 11)]
2019-12-13 10:43:59,732 - alerts - INFO - Fall event: [(674836067, 0, 9), (674836629, 1, 5)]
2019-12-13 10:44:02,567 - alerts - INFO - Fall event: [(674839096, 1, 8)]
2019-12-13 10:44:17,531 - alerts - INFO - Fall event: [(674855191, 6, 8)]
2019-12-13 10:44:29,534 - alerts - INFO - Fall event: [(674866729, 6, 9)]
2019-12-13 10:44:32,532 - alerts - INFO - Fall event: [(674869062, 8, 5)]
2019-12-13 10:46:47,505 - alerts - INFO - Fall event: [(675005089, 7, 9)]
2019-12-13 10:46:50,568 - alerts - INFO - Fall event: [(675008328, 4, 12)]
2019-12-13 10:47:41,484 - alerts - INFO - Fall event: [(675058482, 3, 5)]
2019-12-13 10:48:53,468 - alerts - INFO - Fall event: [(675130370, 2, 13)]
2019-12-13 10:50:23,535 - alerts - INFO - Fall event: [(675220870, 7, 9)]
2019-12-13 10:51:08,493 - alerts - INFO - Tap event: [(675266043, 9, 9), (675266824, 7, 9)]
2019-12-13 10:51:29,496 - alerts - INFO - Fall event: [(675287491, 3, 9)]
2019-12-13 10:52:29,525 - alerts - INFO - Fall event: [(675347096, 6, 9)]
2019-12-13 10:52:32,521 - alerts - INFO - Tap event: [(675349725, 5, 9)]
2020-01-09 14:23:20,579 - alerts - INFO - Tap event: [(26102, 7, 8)]
2020-01-09 14:25:08,514 - alerts - INFO - Fall event: [(133572, 1, 12)]
2020-01-09 15:10:26,503 - alerts - INFO - Tap event: [(2853664, 8, 9)]
2020-01-13 14:32:32,518 - alerts - INFO - Tap event: [(346174751, 7, 5)]
2020-01-13 14:33:11,523 - alerts - INFO - Fall event: [(346213207, 6, 9)]
2020-01-13 14:35:44,540 - alerts - INFO - Fall event: [(346366192, 5, 1)]
